-------------------------------------------------------------------------------
Test set: com.store.resource.CustomerEntityResourceTest
-------------------------------------------------------------------------------
Tests run: 1, Failures: 0, Errors: 1, Skipped: 0, Time elapsed: 1.015 s <<< FAILURE! - in com.store.resource.CustomerEntityResourceTest
com.store.resource.CustomerEntityResourceTest  Time elapsed: 1.015 s  <<< ERROR!
java.lang.NoSuchMethodException: io.dropwizard.testing.junit5.DropwizardAppExtension.<init>()

