<?xml version="1.0" encoding="UTF-8"?>
<testsuite xmlns:xsi="http://www.w3.org/2001/XMLSchema-instance" xsi:noNamespaceSchemaLocation="https://maven.apache.org/surefire/maven-surefire-plugin/xsd/surefire-test-report.xsd" name="com.store.db.CartDaoIntegrationTest" time="112.281" tests="4" errors="0" skipped="0" failures="0">
  <properties>
[...]
</properties>
  <testcase name="testFindAll" classname="com.store.db.CartDaoIntegrationTest" time="1.605"/>
  <testcase name="testGeyById" classname="com.store.db.CartDaoIntegrationTest" time="0.202"/>
  <testcase name="testDeleteById" classname="com.store.db.CartDaoIntegrationTest" time="0.257"/>
  <testcase name="testDeleteByEntity" classname="com.store.db.CartDaoIntegrationTest" time="0.164"/>
</testsuite>